TranTrackerGPSApp/proguard_logs/seeds.txt
com.cwardcode.TranTracker.LocReceiver
com.cwardcode.TranTracker.LocReceiver: LocReceiver()
com.cwardcode.TranTracker.R$array: int vehicles
com.cwardcode.TranTracker.R$drawable: int ic_launcher
com.cwardcode.TranTracker.R$id: int GPSDataView
com.cwardcode.TranTracker.R$id: int VehicleSelect
com.cwardcode.TranTracker.R$id: int trackButton
com.cwardcode.TranTracker.R$layout: int main
com.cwardcode.TranTracker.R$string: int app_name
com.cwardcode.TranTracker.R$string: int buttonText
com.cwardcode.TranTracker.R$string: int v1
com.cwardcode.TranTracker.R$string: int v2
com.cwardcode.TranTracker.R$string: int v3
com.cwardcode.TranTracker.R$string: int vehicleSelectText
com.cwardcode.TranTracker.SendLoc
com.cwardcode.TranTracker.SendLoc: SendLoc()
com.cwardcode.TranTracker.TranTracker
com.cwardcode.TranTracker.TranTracker: TranTracker()
com.cwardcode.TranTracker.TranTracker: void startTracking(android.view.View)
...
com.mysql.jdbc.SingleByteCharsetConverter
com.mysql.jdbc.SingleByteCharsetConverter: byte[] unknownCharsMap
com.mysql.jdbc.SingleByteCharsetConverter: int BYTE_RANGE
com.mysql.jdbc.SingleByteCharsetConverter: java.util.Map CONVERTER_MAP
com.mysql.jdbc.SingleByteCharsetConverter: byte[] allBytes
com.mysql.jdbc.SingleByteCharsetConverter: char[] byteToChars
com.mysql.jdbc.SingleByteCharsetConverter: byte[] charToByteMap
com.mysql.jdbc.SingleByteCharsetConverter: byte[] EMPTY_BYTE_ARRAY
com.mysql.jdbc.SingleByteCharsetConverter: SingleByteCharsetConverter(java.lang.String)
com.mysql.jdbc.SingleByteCharsetConverter: com.mysql.jdbc.SingleByteCharsetConverter getInstance(java.lang.String)
com.mysql.jdbc.SingleByteCharsetConverter: com.mysql.jdbc.SingleByteCharsetConverter initCharset(java.lang.String)
com.mysql.jdbc.SingleByteCharsetConverter: java.lang.String toStringDefaultEncoding(byte[],int,int)
com.mysql.jdbc.SingleByteCharsetConverter: byte[] toBytes(java.lang.String)
com.mysql.jdbc.SingleByteCharsetConverter: byte[] toBytes(java.lang.String,int,int)
com.mysql.jdbc.SingleByteCharsetConverter: java.lang.String toString(byte[])
com.mysql.jdbc.SingleByteCharsetConverter: java.lang.String toString(byte[],int,int)
com.mysql.jdbc.SingleByteCharsetConverter: void <clinit>()
com.mysql.jdbc.SocketFactory
com.mysql.jdbc.SocketFactory: java.net.Socket afterHandshake()
com.mysql.jdbc.SocketFactory: java.net.Socket beforeHandshake()
com.mysql.jdbc.SocketFactory: java.net.Socket connect(java.lang.String,int,java.util.Properties)
com.mysql.jdbc.StandardSocketFactory
com.mysql.jdbc.StandardSocketFactory: java.net.Socket rawSocket
com.mysql.jdbc.StandardSocketFactory: java.lang.String host
com.mysql.jdbc.StandardSocketFactory: int port
com.mysql.jdbc.StandardSocketFactory: java.lang.Class class$java$net$Socket
com.mysql.jdbc.StandardSocketFactory: java.lang.Class class$java$lang$String
com.mysql.jdbc.StandardSocketFactory: StandardSocketFactory()
com.mysql.jdbc.StandardSocketFactory: java.net.Socket afterHandshake()
com.mysql.jdbc.StandardSocketFactory: java.net.Socket beforeHandshake()
com.mysql.jdbc.StandardSocketFactory: java.net.Socket connect(java.lang.String,int,java.util.Properties)
com.mysql.jdbc.StandardSocketFactory: java.lang.Class class$(java.lang.String)
com.mysql.jdbc.Statement
com.mysql.jdbc.Statement: com.mysql.jdbc.Connection connection
com.mysql.jdbc.Statement: java.util.List batchedArgs
com.mysql.jdbc.Statement: java.util.List openResults
com.mysql.jdbc.Statement: com.mysql.jdbc.ResultSet nextResults
com.mysql.jdbc.Statement: com.mysql.jdbc.ResultSet results
com.mysql.jdbc.Statement: java.sql.SQLWarning warningChain
com.mysql.jdbc.Statement: java.sql.SQLWarning pendingWarnings
com.mysql.jdbc.Statement: com.mysql.jdbc.SingleByteCharsetConverter charConverter
com.mysql.jdbc.Statement: java.lang.String charEncoding
com.mysql.jdbc.Statement: java.lang.String currentCatalog
com.mysql.jdbc.Statement: boolean doEscapeProcessing
com.mysql.jdbc.Statement: boolean isClosed
com.mysql.jdbc.Statement: boolean maxRowsChanged
com.mysql.jdbc.Statement: boolean pedantic
com.mysql.jdbc.Statement: int maxFieldSize
com.mysql.jdbc.Statement: int maxRows
com.mysql.jdbc.Statement: int resultSetConcurrency
com.mysql.jdbc.Statement: int resultSetType
com.mysql.jdbc.Statement: int timeout
com.mysql.jdbc.Statement: long lastInsertId
com.mysql.jdbc.Statement: long updateCount
com.mysql.jdbc.Statement: int fetchSize
com.mysql.jdbc.Statement: boolean serverSupportsConvertFn
com.mysql.jdbc.Statement: Statement(com.mysql.jdbc.Connection,java.lang.String)
com.mysql.jdbc.Statement: java.sql.Connection getConnection()
com.mysql.jdbc.Statement: void setCursorName(java.lang.String)
com.mysql.jdbc.Statement: void setEscapeProcessing(boolean)